MakeMake.pl 1.2b June 17, 1997
scandeps V1.6.2 - w:\shared\interface
Circular dependency detected: .\panel.idl plyctl.idl pcadvs.idl : plyctl.idl
Circular dependency detected: .\pcadvs.idl plyctl.idl pcadvs.idl : plyctl.idl
Circular dependency detected: .\playui1.idl timeline.idl plyctl.idl pcadvs.idl : plyctl.idl
Circular dependency detected: .\plyctl.idl pcadvs.idl plyctl.idl : pcadvs.idl
Circular dependency detected: .\timeline.idl plyctl.idl pcadvs.idl : plyctl.idl

Microsoft (R) Program Maintenance Utility   Version 1.62.7022
Copyright (C) Microsoft Corp 1988-1997. All rights reserved.

	rem IDL seglist.idl generated by RELEASE builds only
	rem IDL timeline.idl generated by RELEASE builds only
	rem IDL brender.idl generated by RELEASE builds only
	rem IDL gxlate.idl generated by RELEASE builds only
	rem IDL panel.idl generated by RELEASE builds only
	rem IDL bitmaprgn.idl generated by RELEASE builds only
	rem IDL pcbitmap.idl generated by RELEASE builds only
	rem IDL bitmaplib.idl generated by RELEASE builds only
	rem IDL pcadvs.idl generated by RELEASE builds only
	rem IDL picons.idl generated by RELEASE builds only
	rem IDL plyctl.idl generated by RELEASE builds only
	rem IDL plyglo.idl generated by RELEASE builds only
	rem IDL plytxt.idl generated by RELEASE builds only
	rem IDL playui1.idl generated by RELEASE builds only
	rem IDL Props.idl generated by RELEASE builds only
	rem IDL pstrlist.idl generated by RELEASE builds only
	rem IDL psttab.idl generated by RELEASE builds only
	rem IDL stdbg.idl generated by RELEASE builds only
	rem IDL ihelp1.idl generated by RELEASE builds only
	rem IDL ihelp2.idl generated by RELEASE builds only
	rem IDL cursor.idl generated by RELEASE builds only
	rem IDL gxlate3d.idl generated by RELEASE builds only
	rem IDL color.idl generated by RELEASE builds only
	rem IDL spline.idl generated by RELEASE builds only
